  소스.c
c:\users\호준\documents\visual studio 2015\projects\축구팀 순위\축구팀 순위\소스.c(44): warning C4996: 'fopen': This function or variable may be unsafe. Consider using fopen_s instead. To disable deprecation, use _CRT_SECURE_NO_WARNINGS. See online help for details.
  c:\program files (x86)\windows kits\10\include\10.0.10240.0\ucrt\stdio.h(205): note: 'fopen' 선언을 참조하십시오.
c:\users\호준\documents\visual studio 2015\projects\축구팀 순위\축구팀 순위\소스.c(47): warning C4996: 'fscanf': This function or variable may be unsafe. Consider using fscanf_s instead. To disable deprecation, use _CRT_SECURE_NO_WARNINGS. See online help for details.
  c:\program files (x86)\windows kits\10\include\10.0.10240.0\ucrt\stdio.h(1193): note: 'fscanf' 선언을 참조하십시오.
c:\users\호준\documents\visual studio 2015\projects\축구팀 순위\축구팀 순위\소스.c(42): warning C4101: 'team' :참조되지 않은 지역 변수입니다.
c:\users\호준\documents\visual studio 2015\projects\축구팀 순위\축구팀 순위\소스.c(66): warning C4996: 'fscanf': This function or variable may be unsafe. Consider using fscanf_s instead. To disable deprecation, use _CRT_SECURE_NO_WARNINGS. See online help for details.
  c:\program files (x86)\windows kits\10\include\10.0.10240.0\ucrt\stdio.h(1193): note: 'fscanf' 선언을 참조하십시오.
c:\users\호준\documents\visual studio 2015\projects\축구팀 순위\축구팀 순위\소스.c(71): warning C4996: 'fscanf': This function or variable may be unsafe. Consider using fscanf_s instead. To disable deprecation, use _CRT_SECURE_NO_WARNINGS. See online help for details.
  c:\program files (x86)\windows kits\10\include\10.0.10240.0\ucrt\stdio.h(1193): note: 'fscanf' 선언을 참조하십시오.
c:\users\호준\documents\visual studio 2015\projects\축구팀 순위\축구팀 순위\소스.c(78): warning C4996: 'strcpy': This function or variable may be unsafe. Consider using strcpy_s instead. To disable deprecation, use _CRT_SECURE_NO_WARNINGS. See online help for details.
  c:\program files (x86)\windows kits\10\include\10.0.10240.0\ucrt\string.h(119): note: 'strcpy' 선언을 참조하십시오.
c:\users\호준\documents\visual studio 2015\projects\축구팀 순위\축구팀 순위\소스.c(100): warning C4047: '=': 'int'의 간접 참조 수준이 'SOCCERTEAM *'과(와) 다릅니다.
c:\users\호준\documents\visual studio 2015\projects\축구팀 순위\축구팀 순위\소스.c(102): warning C4047: '=': 'SOCCERTEAM *'의 간접 참조 수준이 'int'과(와) 다릅니다.
c:\users\호준\documents\visual studio 2015\projects\축구팀 순위\축구팀 순위\소스.c(111): warning C4047: '=': 'int'의 간접 참조 수준이 'SOCCERTEAM *'과(와) 다릅니다.
c:\users\호준\documents\visual studio 2015\projects\축구팀 순위\축구팀 순위\소스.c(113): warning C4047: '=': 'SOCCERTEAM *'의 간접 참조 수준이 'int'과(와) 다릅니다.
c:\users\호준\documents\visual studio 2015\projects\축구팀 순위\축구팀 순위\소스.c(122): warning C4047: '=': 'int'의 간접 참조 수준이 'SOCCERTEAM *'과(와) 다릅니다.
c:\users\호준\documents\visual studio 2015\projects\축구팀 순위\축구팀 순위\소스.c(124): warning C4047: '=': 'SOCCERTEAM *'의 간접 참조 수준이 'int'과(와) 다릅니다.
c:\users\호준\documents\visual studio 2015\projects\축구팀 순위\축구팀 순위\소스.c(133): warning C4047: '=': 'int'의 간접 참조 수준이 'SOCCERTEAM *'과(와) 다릅니다.
c:\users\호준\documents\visual studio 2015\projects\축구팀 순위\축구팀 순위\소스.c(135): warning C4047: '=': 'SOCCERTEAM *'의 간접 참조 수준이 'int'과(와) 다릅니다.
c:\users\호준\documents\visual studio 2015\projects\축구팀 순위\축구팀 순위\소스.c(143): warning C4047: '=': 'int'의 간접 참조 수준이 'SOCCERTEAM *'과(와) 다릅니다.
c:\users\호준\documents\visual studio 2015\projects\축구팀 순위\축구팀 순위\소스.c(145): warning C4047: '=': 'SOCCERTEAM *'의 간접 참조 수준이 'int'과(와) 다릅니다.
c:\users\호준\documents\visual studio 2015\projects\축구팀 순위\축구팀 순위\소스.c(90): warning C4101: 'team' :참조되지 않은 지역 변수입니다.
c:\users\호준\documents\visual studio 2015\projects\축구팀 순위\축구팀 순위\소스.c(163): warning C4101: 'team' :참조되지 않은 지역 변수입니다.
  축구팀 순위.vcxproj -> C:\Users\호준\Documents\Visual Studio 2015\Projects\축구팀 순위\Debug\축구팀 순위.exe
