  소스.c
c:\users\호준\documents\visual studio 2015\projects\주사위숫자분포\주사위숫자분포\소스.c(28): warning C4996: 'fopen': This function or variable may be unsafe. Consider using fopen_s instead. To disable deprecation, use _CRT_SECURE_NO_WARNINGS. See online help for details.
  c:\program files (x86)\windows kits\10\include\10.0.10240.0\ucrt\stdio.h(205): note: 'fopen' 선언을 참조하십시오.
c:\users\호준\documents\visual studio 2015\projects\주사위숫자분포\주사위숫자분포\소스.c(31): warning C4996: 'fscanf': This function or variable may be unsafe. Consider using fscanf_s instead. To disable deprecation, use _CRT_SECURE_NO_WARNINGS. See online help for details.
  c:\program files (x86)\windows kits\10\include\10.0.10240.0\ucrt\stdio.h(1193): note: 'fscanf' 선언을 참조하십시오.
c:\users\호준\documents\visual studio 2015\projects\주사위숫자분포\주사위숫자분포\소스.c(35): warning C4996: 'fscanf': This function or variable may be unsafe. Consider using fscanf_s instead. To disable deprecation, use _CRT_SECURE_NO_WARNINGS. See online help for details.
  c:\program files (x86)\windows kits\10\include\10.0.10240.0\ucrt\stdio.h(1193): note: 'fscanf' 선언을 참조하십시오.
c:\users\호준\documents\visual studio 2015\projects\주사위숫자분포\주사위숫자분포\소스.c(39): warning C4996: 'fscanf': This function or variable may be unsafe. Consider using fscanf_s instead. To disable deprecation, use _CRT_SECURE_NO_WARNINGS. See online help for details.
  c:\program files (x86)\windows kits\10\include\10.0.10240.0\ucrt\stdio.h(1193): note: 'fscanf' 선언을 참조하십시오.
c:\users\호준\documents\visual studio 2015\projects\주사위숫자분포\주사위숫자분포\소스.c(63): warning C4477: 'printf' : 서식 문자열 '%d'에 'int' 형식의 인수가 필요하지만 variadic 인수 1의 형식이 'int *'입니다.
c:\users\호준\documents\visual studio 2015\projects\주사위숫자분포\주사위숫자분포\소스.c(63): warning C4477: 'printf' : 서식 문자열 '%d'에 'int' 형식의 인수가 필요하지만 variadic 인수 2의 형식이 'int *'입니다.
c:\users\호준\documents\visual studio 2015\projects\주사위숫자분포\주사위숫자분포\소스.c(63): warning C4477: 'printf' : 서식 문자열 '%d'에 'int' 형식의 인수가 필요하지만 variadic 인수 3의 형식이 'int *'입니다.
c:\users\호준\documents\visual studio 2015\projects\주사위숫자분포\주사위숫자분포\소스.c(63): warning C4477: 'printf' : 서식 문자열 '%d'에 'int' 형식의 인수가 필요하지만 variadic 인수 4의 형식이 'int *'입니다.
c:\users\호준\documents\visual studio 2015\projects\주사위숫자분포\주사위숫자분포\소스.c(63): warning C4477: 'printf' : 서식 문자열 '%d'에 'int' 형식의 인수가 필요하지만 variadic 인수 5의 형식이 'int *'입니다.
c:\users\호준\documents\visual studio 2015\projects\주사위숫자분포\주사위숫자분포\소스.c(63): warning C4477: 'printf' : 서식 문자열 '%d'에 'int' 형식의 인수가 필요하지만 variadic 인수 6의 형식이 'int *'입니다.
c:\users\호준\documents\visual studio 2015\projects\주사위숫자분포\주사위숫자분포\소스.c(63): warning C4477: 'printf' : 서식 문자열 '%d'에 'int' 형식의 인수가 필요하지만 variadic 인수 7의 형식이 'int *'입니다.
c:\users\호준\documents\visual studio 2015\projects\주사위숫자분포\주사위숫자분포\소스.c(63): warning C4477: 'printf' : 서식 문자열 '%d'에 'int' 형식의 인수가 필요하지만 variadic 인수 8의 형식이 'int *'입니다.
c:\users\호준\documents\visual studio 2015\projects\주사위숫자분포\주사위숫자분포\소스.c(63): warning C4477: 'printf' : 서식 문자열 '%d'에 'int' 형식의 인수가 필요하지만 variadic 인수 9의 형식이 'int *'입니다.
c:\users\호준\documents\visual studio 2015\projects\주사위숫자분포\주사위숫자분포\소스.c(63): warning C4477: 'printf' : 서식 문자열 '%d'에 'int' 형식의 인수가 필요하지만 variadic 인수 10의 형식이 'int *'입니다.
c:\users\호준\documents\visual studio 2015\projects\주사위숫자분포\주사위숫자분포\소스.c(63): warning C4477: 'printf' : 서식 문자열 '%d'에 'int' 형식의 인수가 필요하지만 variadic 인수 11의 형식이 'int *'입니다.
c:\users\호준\documents\visual studio 2015\projects\주사위숫자분포\주사위숫자분포\소스.c(22): warning C4101: 'temp' :참조되지 않은 지역 변수입니다.
  주사위숫자분포.vcxproj -> C:\Users\호준\Documents\Visual Studio 2015\Projects\주사위숫자분포\Debug\주사위숫자분포.exe
